#
# There is insufficient memory for the Java Runtime Environment to continue.
# Native memory allocation (malloc) failed to allocate 100736 bytes for Chunk::new
# Possible reasons:
#   The system is out of physical RAM or swap space
#   In 32 bit mode, the process size limit was hit
# Possible solutions:
#   Reduce memory load on the system
#   Increase physical memory or swap space
#   Check if swap backing store is full
#   Use 64 bit Java on a 64 bit OS
#   Decrease Java heap size (-Xmx/-Xms)
#   Decrease number of Java threads
#   Decrease Java thread stack sizes (-Xss)
#   Set larger code cache with -XX:ReservedCodeCacheSize=
# This output file may be truncated or incomplete.
#
#  Out of Memory Error (allocation.cpp:390), pid=175316, tid=0x000000000002ae94
#
# JRE version: Java(TM) SE Runtime Environment (8.0_131-b11) (build 1.8.0_131-b11)
# Java VM: Java HotSpot(TM) 64-Bit Server VM (25.131-b11 mixed mode windows-amd64 compressed oops)
# Failed to write core dump. Minidumps are not enabled by default on client versions of Windows
#

---------------  T H R E A D  ---------------

Current thread (0x000000001502b000):  JavaThread "C2 CompilerThread1" daemon [_thread_in_native, id=175764, stack(0x0000000015860000,0x0000000015960000)]

Stack: [0x0000000015860000,0x0000000015960000]
[error occurred during error reporting (printing stack bounds), id 0xc0000005]

Native frames: (J=compiled Java code, j=interpreted, Vv=VM code, C=native code)


Current CompileTask:
C2:  35900 4281  s    4       java.util.jar.JarFile::getInputStream (89 bytes)


---------------  P R O C E S S  ---------------

Java Threads: ( => current thread )
  0x0000000016164800 JavaThread "/127.0.0.1:52387 to /127.0.0.1:52386 workers Thread 3" [_thread_in_native, id=175588, stack(0x0000000017a70000,0x0000000017b70000)]
  0x000000001641a800 JavaThread "/127.0.0.1:52387 to /127.0.0.1:52386 workers Thread 2" [_thread_blocked, id=175576, stack(0x0000000017970000,0x0000000017a70000)]
  0x00000000165fb800 JavaThread "Test worker" [_thread_in_native, id=175568, stack(0x0000000017530000,0x0000000017630000)]
  0x00000000150b2000 JavaThread "Service Thread" daemon [_thread_blocked, id=175796, stack(0x0000000015a60000,0x0000000015b60000)]
  0x000000001502e800 JavaThread "C1 CompilerThread2" daemon [_thread_blocked, id=175416, stack(0x0000000015960000,0x0000000015a60000)]
=>0x000000001502b000 JavaThread "C2 CompilerThread1" daemon [_thread_in_native, id=175764, stack(0x0000000015860000,0x0000000015960000)]
  0x0000000015027000 JavaThread "C2 CompilerThread0" daemon [_thread_blocked, id=175756, stack(0x0000000015760000,0x0000000015860000)]
  0x0000000015024800 JavaThread "Attach Listener" daemon [_thread_blocked, id=175760, stack(0x0000000015660000,0x0000000015760000)]
  0x0000000013c0e000 JavaThread "Signal Dispatcher" daemon [_thread_blocked, id=175744, stack(0x0000000015560000,0x0000000015660000)]
  0x0000000013b9a800 JavaThread "Finalizer" daemon [_thread_blocked, id=175408, stack(0x0000000014e00000,0x0000000014f00000)]
  0x0000000013b79000 JavaThread "Reference Handler" daemon [_thread_blocked, id=175352, stack(0x0000000014d00000,0x0000000014e00000)]
  0x00000000025e0800 JavaThread "main" [_thread_blocked, id=175384, stack(0x00000000024a0000,0x00000000025a0000)]

Other Threads:
  0x0000000013b77800 VMThread [stack: 0x0000000014c00000,0x0000000014d00000] [id=175832]
  0x0000000015132000 WatcherThread [stack: 0x0000000015b60000,0x0000000015c60000] [id=175728]

VM state:not at safepoint (normal execution)

VM Mutex/Monitor currently owned by a thread: None

Heap:
 PSYoungGen      total 163328K, used 47512K [0x00000000f5580000, 0x0000000100000000, 0x0000000100000000)
  eden space 152064K, 23% used [0x00000000f5580000,0x00000000f78eced8,0x00000000fea00000)
  from space 11264K, 99% used [0x00000000fea00000,0x00000000ff4f9478,0x00000000ff500000)
  to   space 11264K, 0% used [0x00000000ff500000,0x00000000ff500000,0x0000000100000000)
 ParOldGen       total 74240K, used 25472K [0x00000000e0000000, 0x00000000e4880000, 0x00000000f5580000)
  object space 74240K, 34% used [0x00000000e0000000,0x00000000e18e0188,0x00000000e4880000)
 Metaspace       used 38247K, capacity 39729K, committed 39984K, reserved 1083392K
  class space    used 5017K, capacity 5309K, committed 5424K, reserved 1048576K

Card table byte_map: [0x0000000011b50000,0x0000000011c60000] byte_map_base: 0x0000000011450000

Marking Bits: (ParMarkBitMap*) 0x000000005cb2c720
 Begin Bits: [0x0000000012110000, 0x0000000012910000)
 End Bits:   [0x0000000012910000, 0x0000000013110000)

Polling page: 0x0000000000830000

CodeCache: size=245760Kb used=13775Kb max_used=15259Kb free=231984Kb
 bounds [0x0000000002790000, 0x0000000003690000, 0x0000000011790000]
 total_blobs=4239 nmethods=3806 adapters=344
 compilation: enabled

Compilation events (10 events):
Event: 31.096 Thread 0x000000001502e800 nmethod 4275 0x00000000029f1150 code [0x00000000029f1320, 0x00000000029f1d78]
Event: 34.174 Thread 0x000000001502e800 4277       3       org.apache.commons.compress.archivers.zip.ZipArchiveEntry::isDirectory (10 bytes)
Event: 34.174 Thread 0x000000001502e800 nmethod 4277 0x0000000002f43d10 code [0x0000000002f43ea0, 0x0000000002f44308]
Event: 35.895 Thread 0x000000001502e800 4278       3       java.util.concurrent.ConcurrentHashMap$EntryIterator::next (51 bytes)
Event: 35.895 Thread 0x000000001502e800 nmethod 4278 0x0000000003223b10 code [0x0000000003223ca0, 0x0000000003224138]
Event: 35.895 Thread 0x000000001502e800 4280   !   3       org.springframework.beans.factory.support.DefaultListableBeanFactory::updateManualSingletonNames (93 bytes)
Event: 35.896 Thread 0x000000001502e800 nmethod 4280 0x0000000002cac850 code [0x0000000002cacac0, 0x0000000002cad9d8]
Event: 35.896 Thread 0x000000001502e800 4279       1       java.util.concurrent.ConcurrentHashMap$MapEntry::getValue (5 bytes)
Event: 35.896 Thread 0x000000001502e800 nmethod 4279 0x0000000002ebd4d0 code [0x0000000002ebd620, 0x0000000002ebd730]
Event: 35.897 Thread 0x000000001502b000 4281  s    4       java.util.jar.JarFile::getInputStream (89 bytes)

GC Heap History (10 events):
Event: 3.193 GC heap before
{Heap before GC invocations=7 (full 1):
 PSYoungGen      total 71680K, used 66560K [0x00000000f5580000, 0x00000000fe780000, 0x0000000100000000)
  eden space 66560K, 100% used [0x00000000f5580000,0x00000000f9680000,0x00000000f9680000)
  from space 5120K, 0% used [0x00000000f9680000,0x00000000f9680000,0x00000000f9b80000)
  to   space 8192K, 0% used [0x00000000fdf80000,0x00000000fdf80000,0x00000000fe780000)
 ParOldGen       total 50176K, used 6045K [0x00000000e0000000, 0x00000000e3100000, 0x00000000f5580000)
  object space 50176K, 12% used [0x00000000e0000000,0x00000000e05e74e8,0x00000000e3100000)
 Metaspace       used 25341K, capacity 25944K, committed 26160K, reserved 1071104K
  class space    used 3372K, capacity 3564K, committed 3632K, reserved 1048576K
Event: 3.201 GC heap after
Heap after GC invocations=7 (full 1):
 PSYoungGen      total 121856K, used 5153K [0x00000000f5580000, 0x00000000fe500000, 0x0000000100000000)
  eden space 116224K, 0% used [0x00000000f5580000,0x00000000f5580000,0x00000000fc700000)
  from space 5632K, 91% used [0x00000000fdf80000,0x00000000fe488590,0x00000000fe500000)
  to   space 8192K, 0% used [0x00000000fd500000,0x00000000fd500000,0x00000000fdd00000)
 ParOldGen       total 50176K, used 6053K [0x00000000e0000000, 0x00000000e3100000, 0x00000000f5580000)
  object space 50176K, 12% used [0x00000000e0000000,0x00000000e05e94e8,0x00000000e3100000)
 Metaspace       used 25341K, capacity 25944K, committed 26160K, reserved 1071104K
  class space    used 3372K, capacity 3564K, committed 3632K, reserved 1048576K
}
Event: 5.221 GC heap before
{Heap before GC invocations=8 (full 1):
 PSYoungGen      total 121856K, used 121377K [0x00000000f5580000, 0x00000000fe500000, 0x0000000100000000)
  eden space 116224K, 100% used [0x00000000f5580000,0x00000000fc700000,0x00000000fc700000)
  from space 5632K, 91% used [0x00000000fdf80000,0x00000000fe488590,0x00000000fe500000)
  to   space 8192K, 0% used [0x00000000fd500000,0x00000000fd500000,0x00000000fdd00000)
 ParOldGen       total 50176K, used 6053K [0x00000000e0000000, 0x00000000e3100000, 0x00000000f5580000)
  object space 50176K, 12% used [0x00000000e0000000,0x00000000e05e94e8,0x00000000e3100000)
 Metaspace       used 31178K, capacity 32122K, committed 32432K, reserved 1077248K
  class space    used 4167K, capacity 4405K, committed 4528K, reserved 1048576K
Event: 5.265 GC heap after
Heap after GC invocations=8 (full 1):
 PSYoungGen      total 138752K, used 8180K [0x00000000f5580000, 0x0000000100000000, 0x0000000100000000)
  eden space 130560K, 0% used [0x00000000f5580000,0x00000000f5580000,0x00000000fd500000)
  from space 8192K, 99% used [0x00000000fd500000,0x00000000fdcfd2d0,0x00000000fdd00000)
  to   space 10752K, 0% used [0x00000000ff580000,0x00000000ff580000,0x0000000100000000)
 ParOldGen       total 50176K, used 9053K [0x00000000e0000000, 0x00000000e3100000, 0x00000000f5580000)
  object space 50176K, 18% used [0x00000000e0000000,0x00000000e08d74d0,0x00000000e3100000)
 Metaspace       used 31178K, capacity 32122K, committed 32432K, reserved 1077248K
  class space    used 4167K, capacity 4405K, committed 4528K, reserved 1048576K
}
Event: 6.700 GC heap before
{Heap before GC invocations=9 (full 1):
 PSYoungGen      total 138752K, used 85423K [0x00000000f5580000, 0x0000000100000000, 0x0000000100000000)
  eden space 130560K, 59% used [0x00000000f5580000,0x00000000fa0eea20,0x00000000fd500000)
  from space 8192K, 99% used [0x00000000fd500000,0x00000000fdcfd2d0,0x00000000fdd00000)
  to   space 10752K, 0% used [0x00000000ff580000,0x00000000ff580000,0x0000000100000000)
 ParOldGen       total 50176K, used 9053K [0x00000000e0000000, 0x00000000e3100000, 0x00000000f5580000)
  object space 50176K, 18% used [0x00000000e0000000,0x00000000e08d74d0,0x00000000e3100000)
 Metaspace       used 34173K, capacity 35273K, committed 35496K, reserved 1079296K
  class space    used 4528K, capacity 4784K, committed 4784K, reserved 1048576K
Event: 6.739 GC heap after
Heap after GC invocations=9 (full 1):
 PSYoungGen      total 162816K, used 9816K [0x00000000f5580000, 0x0000000100000000, 0x0000000100000000)
  eden space 152064K, 0% used [0x00000000f5580000,0x00000000f5580000,0x00000000fea00000)
  from space 10752K, 91% used [0x00000000ff580000,0x00000000fff16038,0x0000000100000000)
  to   space 11264K, 0% used [0x00000000fea00000,0x00000000fea00000,0x00000000ff500000)
 ParOldGen       total 50176K, used 9061K [0x00000000e0000000, 0x00000000e3100000, 0x00000000f5580000)
  object space 50176K, 18% used [0x00000000e0000000,0x00000000e08d94d0,0x00000000e3100000)
 Metaspace       used 34173K, capacity 35273K, committed 35496K, reserved 1079296K
  class space    used 4528K, capacity 4784K, committed 4784K, reserved 1048576K
}
Event: 6.739 GC heap before
{Heap before GC invocations=10 (full 2):
 PSYoungGen      total 162816K, used 9816K [0x00000000f5580000, 0x0000000100000000, 0x0000000100000000)
  eden space 152064K, 0% used [0x00000000f5580000,0x00000000f5580000,0x00000000fea00000)
  from space 10752K, 91% used [0x00000000ff580000,0x00000000fff16038,0x0000000100000000)
  to   space 11264K, 0% used [0x00000000fea00000,0x00000000fea00000,0x00000000ff500000)
 ParOldGen       total 50176K, used 9061K [0x00000000e0000000, 0x00000000e3100000, 0x00000000f5580000)
  object space 50176K, 18% used [0x00000000e0000000,0x00000000e08d94d0,0x00000000e3100000)
 Metaspace       used 34173K, capacity 35273K, committed 35496K, reserved 1079296K
  class space    used 4528K, capacity 4784K, committed 4784K, reserved 1048576K
Event: 6.835 GC heap after
Heap after GC invocations=10 (full 2):
 PSYoungGen      total 162816K, used 0K [0x00000000f5580000, 0x0000000100000000, 0x0000000100000000)
  eden space 152064K, 0% used [0x00000000f5580000,0x00000000f5580000,0x00000000fea00000)
  from space 10752K, 0% used [0x00000000ff580000,0x00000000ff580000,0x0000000100000000)
  to   space 11264K, 0% used [0x00000000fea00000,0x00000000fea00000,0x00000000ff500000)
 ParOldGen       total 74240K, used 14667K [0x00000000e0000000, 0x00000000e4880000, 0x00000000f5580000)
  object space 74240K, 19% used [0x00000000e0000000,0x00000000e0e52cb8,0x00000000e4880000)
 Metaspace       used 34173K, capacity 35273K, committed 35496K, reserved 1079296K
  class space    used 4528K, capacity 4784K, committed 4784K, reserved 1048576K
}
Event: 9.641 GC heap before
{Heap before GC invocations=11 (full 2):
 PSYoungGen      total 162816K, used 152064K [0x00000000f5580000, 0x0000000100000000, 0x0000000100000000)
  eden space 152064K, 100% used [0x00000000f5580000,0x00000000fea00000,0x00000000fea00000)
  from space 10752K, 0% used [0x00000000ff580000,0x00000000ff580000,0x0000000100000000)
  to   space 11264K, 0% used [0x00000000fea00000,0x00000000fea00000,0x00000000ff500000)
 ParOldGen       total 74240K, used 14667K [0x00000000e0000000, 0x00000000e4880000, 0x00000000f5580000)
  object space 74240K, 19% used [0x00000000e0000000,0x00000000e0e52cb8,0x00000000e4880000)
 Metaspace       used 38096K, capacity 39601K, committed 39984K, reserved 1083392K
  class space    used 5005K, capacity 5309K, committed 5424K, reserved 1048576K
Event: 9.673 GC heap after
Heap after GC invocations=11 (full 2):
 PSYoungGen      total 163328K, used 11237K [0x00000000f5580000, 0x0000000100000000, 0x0000000100000000)
  eden space 152064K, 0% used [0x00000000f5580000,0x00000000f5580000,0x00000000fea00000)
  from space 11264K, 99% used [0x00000000fea00000,0x00000000ff4f9478,0x00000000ff500000)
  to   space 11264K, 0% used [0x00000000ff500000,0x00000000ff500000,0x0000000100000000)
 ParOldGen       total 74240K, used 25472K [0x00000000e0000000, 0x00000000e4880000, 0x00000000f5580000)
  object space 74240K, 34% used [0x00000000e0000000,0x00000000e18e0188,0x00000000e4880000)
 Metaspace       used 38096K, capacity 39601K, committed 39984K, reserved 1083392K
  class space    used 5005K, capacity 5309K, committed 5424K, reserved 1048576K
}

Deoptimization events (10 events):
Event: 9.350 Thread 0x00000000165fb800 Uncommon trap: reason=unstable_if action=reinterpret pc=0x00000000036564a0 method=org.apache.commons.compress.archivers.zip.ZipArchiveEntry.getExtraField(Lorg/apache/commons/compress/archivers/zip/ZipShort;)Lorg/apache/commons/compress/archivers/zip/ZipEx
Event: 9.350 Thread 0x00000000165fb800 Uncommon trap: reason=unstable_if action=reinterpret pc=0x0000000003638de0 method=org.apache.commons.compress.archivers.zip.X5455_ExtendedTimestamp.getLocalFileDataLength()Lorg/apache/commons/compress/archivers/zip/ZipShort; @ 29
Event: 9.350 Thread 0x00000000165fb800 Uncommon trap: reason=unstable_if action=reinterpret pc=0x000000000364de18 method=org.apache.commons.compress.archivers.zip.X5455_ExtendedTimestamp.getLocalFileDataLength()Lorg/apache/commons/compress/archivers/zip/ZipShort; @ 29
Event: 9.973 Thread 0x00000000165fb800 Uncommon trap: reason=bimorphic action=maybe_recompile pc=0x00000000029c605c method=java.util.zip.InflaterInputStream.read([BII)I @ 100
Event: 9.973 Thread 0x00000000165fb800 Uncommon trap: reason=bimorphic action=maybe_recompile pc=0x00000000029c605c method=java.util.zip.InflaterInputStream.read([BII)I @ 100
Event: 9.973 Thread 0x00000000165fb800 Uncommon trap: reason=bimorphic action=maybe_recompile pc=0x00000000029c605c method=java.util.zip.InflaterInputStream.read([BII)I @ 100
Event: 9.973 Thread 0x00000000165fb800 Uncommon trap: reason=bimorphic action=maybe_recompile pc=0x00000000029c605c method=java.util.zip.InflaterInputStream.read([BII)I @ 100
Event: 16.499 Thread 0x00000000165fb800 Uncommon trap: reason=unstable_if action=reinterpret pc=0x00000000029f91f4 method=java.util.regex.Pattern$SliceI.match(Ljava/util/regex/Matcher;ILjava/lang/CharSequence;)Z @ 18
Event: 29.659 Thread 0x00000000165fb800 Uncommon trap: reason=unstable_if action=reinterpret pc=0x0000000002a67834 method=java.util.regex.Pattern$SliceI.match(Ljava/util/regex/Matcher;ILjava/lang/CharSequence;)Z @ 71
Event: 35.896 Thread 0x00000000165fb800 Uncommon trap: reason=unstable_if action=reinterpret pc=0x0000000003643aec method=java.util.GregorianCalendar.computeFields(II)I @ 447

Internal exceptions (10 events):
Event: 8.290 Thread 0x00000000165fb800 Exception <a 'java/lang/ClassNotFoundException': org/springframework/security/config/annotation/SecurityConfigurerCustomizer> (0x00000000faba9628) thrown at [C:\re\workspace\8-2-build-windows-amd64-cygwin\jdk8u131\8869\hotspot\src\share\vm\classfile\syste
Event: 8.298 Thread 0x00000000165fb800 Exception <a 'java/lang/ClassNotFoundException': java/lang/ObjectCustomizer> (0x00000000fac1fa20) thrown at [C:\re\workspace\8-2-build-windows-amd64-cygwin\jdk8u131\8869\hotspot\src\share\vm\classfile\systemDictionary.cpp, line 210]
Event: 8.300 Thread 0x00000000165fb800 Exception <a 'java/lang/ClassNotFoundException': com/azarenka/service/impl/auth/UserDetailServiceImplCustomizer> (0x00000000fac4c1a8) thrown at [C:\re\workspace\8-2-build-windows-amd64-cygwin\jdk8u131\8869\hotspot\src\share\vm\classfile\systemDictionary.c
Event: 8.302 Thread 0x00000000165fb800 Exception <a 'java/lang/ClassNotFoundException': org/springframework/security/core/userdetails/UserDetailsServiceCustomizer> (0x00000000fac7be68) thrown at [C:\re\workspace\8-2-build-windows-amd64-cygwin\jdk8u131\8869\hotspot\src\share\vm\classfile\system
Event: 8.535 Thread 0x00000000165fb800 Exception <a 'sun/nio/fs/WindowsException'> (0x00000000fb143b38) thrown at [C:\re\workspace\8-2-build-windows-amd64-cygwin\jdk8u131\8869\hotspot\src\share\vm\prims\jni.cpp, line 709]
Event: 8.535 Thread 0x00000000165fb800 Exception <a 'sun/nio/fs/WindowsException'> (0x00000000fb144e08) thrown at [C:\re\workspace\8-2-build-windows-amd64-cygwin\jdk8u131\8869\hotspot\src\share\vm\prims\jni.cpp, line 709]
Event: 35.894 Thread 0x00000000165fb800 Exception <a 'java/lang/OutOfMemoryError'> (0x00000000f7538050) thrown at [C:\re\workspace\8-2-build-windows-amd64-cygwin\jdk8u131\8869\hotspot\src\share\vm\prims\jni.cpp, line 735]
Event: 35.894 Thread 0x00000000165fb800 Exception <a 'java/lang/reflect/InvocationTargetException'> (0x00000000f7539c60) thrown at [C:\re\workspace\8-2-build-windows-amd64-cygwin\jdk8u131\8869\hotspot\src\share\vm\runtime\reflection.cpp, line 1092]
Event: 35.895 Thread 0x00000000165fb800 Exception <a 'java/lang/reflect/InvocationTargetException'> (0x00000000f753e1b8) thrown at [C:\re\workspace\8-2-build-windows-amd64-cygwin\jdk8u131\8869\hotspot\src\share\vm\runtime\reflection.cpp, line 1092]
Event: 35.895 Thread 0x00000000165fb800 Exception <a 'java/lang/reflect/InvocationTargetException'> (0x00000000f7541e40) thrown at [C:\re\workspace\8-2-build-windows-amd64-cygwin\jdk8u131\8869\hotspot\src\share\vm\runtime\reflection.cpp, line 1092]

Events (10 events):
Event: 35.898 loading class javax/servlet/ServletRequestAttributeListener
Event: 35.898 loading class javax/servlet/ServletRequestAttributeListener done
Event: 35.898 loading class javax/servlet/http/HttpSessionIdListener
Event: 35.898 loading class javax/servlet/http/HttpSessionIdListener done
Event: 35.899 loading class javax/servlet/http/HttpSessionAttributeListener
Event: 35.899 loading class javax/servlet/http/HttpSessionAttributeListener done
Event: 35.899 loading class javax/websocket/DeploymentException
Event: 35.899 loading class javax/websocket/DeploymentException done
Event: 35.899 loading class org/apache/tomcat/websocket/server/WsServerContainer
Event: 35.899 loading class org/apache/tomcat/websocket/server/WsServerContainer done


Dynamic libraries:
0x00007ff700270000 - 0x00007ff7002a7000 	C:\Program Files\Java\jdk1.8.0_131\bin\java.exe
0x00007ffb6d660000 - 0x00007ffb6d850000 	C:\WINDOWS\SYSTEM32\ntdll.dll
0x00007ffb6c000000 - 0x00007ffb6c0b2000 	C:\WINDOWS\System32\KERNEL32.DLL
0x00007ffb6b010000 - 0x00007ffb6b2b3000 	C:\WINDOWS\System32\KERNELBASE.dll
0x00007ffb6ba00000 - 0x00007ffb6baa3000 	C:\WINDOWS\System32\ADVAPI32.dll
0x00007ffb6c670000 - 0x00007ffb6c70e000 	C:\WINDOWS\System32\msvcrt.dll
0x00007ffb6c920000 - 0x00007ffb6c9b7000 	C:\WINDOWS\System32\sechost.dll
0x00007ffb6bab0000 - 0x00007ffb6bbd0000 	C:\WINDOWS\System32\RPCRT4.dll
0x00007ffb6b710000 - 0x00007ffb6b8a4000 	C:\WINDOWS\System32\USER32.dll
0x00007ffb6a610000 - 0x00007ffb6a631000 	C:\WINDOWS\System32\win32u.dll
0x00007ffb6c0d0000 - 0x00007ffb6c0f6000 	C:\WINDOWS\System32\GDI32.dll
0x00007ffb6b2c0000 - 0x00007ffb6b454000 	C:\WINDOWS\System32\gdi32full.dll
0x00007ffb6b460000 - 0x00007ffb6b4fe000 	C:\WINDOWS\System32\msvcp_win.dll
0x00007ffb6b610000 - 0x00007ffb6b70a000 	C:\WINDOWS\System32\ucrtbase.dll
0x00007ffb5d890000 - 0x00007ffb5db15000 	C:\WINDOWS\WinSxS\amd64_microsoft.windows.common-controls_6595b64144ccf1df_6.0.18362.535_none_e6c3b34713100821\COMCTL32.dll
0x00007ffb6ca70000 - 0x00007ffb6cda6000 	C:\WINDOWS\System32\combase.dll
0x00007ffb6a670000 - 0x00007ffb6a6f0000 	C:\WINDOWS\System32\bcryptPrimitives.dll
0x00007ffb6bfd0000 - 0x00007ffb6bffe000 	C:\WINDOWS\System32\IMM32.DLL
0x000000005e850000 - 0x000000005e922000 	C:\Program Files\Java\jdk1.8.0_131\jre\bin\msvcr100.dll
0x000000005c310000 - 0x000000005cbac000 	C:\Program Files\Java\jdk1.8.0_131\jre\bin\server\jvm.dll
0x00007ffb6c0c0000 - 0x00007ffb6c0c8000 	C:\WINDOWS\System32\PSAPI.DLL
0x00007ffb61930000 - 0x00007ffb61954000 	C:\WINDOWS\SYSTEM32\WINMM.dll
0x00007ffb61c60000 - 0x00007ffb61c6a000 	C:\WINDOWS\SYSTEM32\VERSION.dll
0x00007ffb61900000 - 0x00007ffb6192d000 	C:\WINDOWS\SYSTEM32\winmmbase.dll
0x00007ffb6a840000 - 0x00007ffb6a88a000 	C:\WINDOWS\System32\cfgmgr32.dll
0x00007ffb663b0000 - 0x00007ffb663b9000 	C:\WINDOWS\SYSTEM32\WSOCK32.dll
0x00007ffb6d500000 - 0x00007ffb6d56f000 	C:\WINDOWS\System32\WS2_32.dll
0x000000005e840000 - 0x000000005e84f000 	C:\Program Files\Java\jdk1.8.0_131\jre\bin\verify.dll
0x000000005e810000 - 0x000000005e839000 	C:\Program Files\Java\jdk1.8.0_131\jre\bin\java.dll
0x000000005e7f0000 - 0x000000005e806000 	C:\Program Files\Java\jdk1.8.0_131\jre\bin\zip.dll
0x00007ffb6ce10000 - 0x00007ffb6d4f5000 	C:\WINDOWS\System32\SHELL32.dll
0x00007ffb6c9c0000 - 0x00007ffb6ca69000 	C:\WINDOWS\System32\shcore.dll
0x00007ffb6a890000 - 0x00007ffb6b00f000 	C:\WINDOWS\System32\windows.storage.dll
0x00007ffb6a5d0000 - 0x00007ffb6a5ef000 	C:\WINDOWS\System32\profapi.dll
0x00007ffb6a560000 - 0x00007ffb6a5aa000 	C:\WINDOWS\System32\powrprof.dll
0x00007ffb6a530000 - 0x00007ffb6a540000 	C:\WINDOWS\System32\UMPDC.dll
0x00007ffb6be10000 - 0x00007ffb6be62000 	C:\WINDOWS\System32\shlwapi.dll
0x00007ffb6a540000 - 0x00007ffb6a551000 	C:\WINDOWS\System32\kernel.appcore.dll
0x00007ffb6a5f0000 - 0x00007ffb6a607000 	C:\WINDOWS\System32\cryptsp.dll
0x000000005e7d0000 - 0x000000005e7ea000 	C:\Program Files\Java\jdk1.8.0_131\jre\bin\net.dll
0x00007ffb69d40000 - 0x00007ffb69da7000 	C:\WINDOWS\system32\mswsock.dll
0x000000005e7b0000 - 0x000000005e7c1000 	C:\Program Files\Java\jdk1.8.0_131\jre\bin\nio.dll
0x00007ffb698b0000 - 0x00007ffb698e3000 	C:\WINDOWS\system32\rsaenh.dll
0x00007ffb6a640000 - 0x00007ffb6a666000 	C:\WINDOWS\System32\bcrypt.dll
0x00007ffb6a420000 - 0x00007ffb6a445000 	C:\WINDOWS\SYSTEM32\USERENV.dll
0x00007ffb69f10000 - 0x00007ffb69f1c000 	C:\WINDOWS\SYSTEM32\CRYPTBASE.dll
0x00007ffb69a50000 - 0x00007ffb69a8a000 	C:\WINDOWS\SYSTEM32\IPHLPAPI.DLL
0x00007ffb6bd80000 - 0x00007ffb6bd88000 	C:\WINDOWS\System32\NSI.dll
0x00007ffb63980000 - 0x00007ffb63996000 	C:\WINDOWS\SYSTEM32\dhcpcsvc6.DLL
0x00007ffb63f30000 - 0x00007ffb63f4c000 	C:\WINDOWS\SYSTEM32\dhcpcsvc.DLL
0x00007ffb69a90000 - 0x00007ffb69b5a000 	C:\WINDOWS\SYSTEM32\DNSAPI.dll
0x000000005e7a0000 - 0x000000005e7ad000 	C:\Program Files\Java\jdk1.8.0_131\jre\bin\management.dll
0x00007ffb671f0000 - 0x00007ffb67206000 	C:\WINDOWS\system32\napinsp.dll
0x00007ffb668a0000 - 0x00007ffb668ba000 	C:\WINDOWS\system32\pnrpnsp.dll
0x00007ffb671e0000 - 0x00007ffb671ee000 	C:\WINDOWS\System32\winrnr.dll
0x00007ffb65570000 - 0x00007ffb6558c000 	C:\WINDOWS\system32\NLAapi.dll
0x00007ffb66e40000 - 0x00007ffb66e55000 	C:\WINDOWS\system32\wshbth.dll
0x00007ffb659d0000 - 0x00007ffb659da000 	C:\Windows\System32\rasadhlp.dll
0x00007ffb62ce0000 - 0x00007ffb62d57000 	C:\WINDOWS\System32\fwpuclnt.dll

VM Arguments:
jvm_args: -Djava.security.manager=worker.org.gradle.process.internal.worker.child.BootstrapSecurityManager -Dorg.gradle.native=false -Xmx512m -Dfile.encoding=UTF-8 -Duser.country=RU -Duser.language=ru -Duser.variant -ea 
java_command: worker.org.gradle.process.internal.worker.GradleWorkerMain 'Gradle Test Executor 7'
java_class_path (initial): C:\Users\VOLHA\.gradle\caches\5.2.1\workerMain\gradle-worker.jar
Launcher Type: SUN_STANDARD

Environment Variables:
JAVA_HOME=c:\Program Files\Java\jdk1.8.0_131\
PATH=C:\Program Files (x86)\Google\Chrome\Application;C:\ProgramData\Oracle\Java\javapath;C:\WINDOWS\system32;C:\WINDOWS;C:\WINDOWS\System32\Wbem;C:\WINDOWS\System32\WindowsPowerShell\v1.0\;C:\Program Files\Git\cmd;d:\JAVA\dev\;c:\Program Files\Java\jdk1.8.0_131\bin\;c:\Program Files\gradle-5.6\bin\;C:\WINDOWS\System32\OpenSSH\;C:\Users\VOLHA\AppData\Local\Microsoft\WindowsApps;c:\Program Files\Java\jdk1.8.0_131\bin;
USERNAME=VOLHA
OS=Windows_NT
PROCESSOR_IDENTIFIER=Intel64 Family 6 Model 69 Stepping 1, GenuineIntel



---------------  S Y S T E M  ---------------

OS: Windows 10.0 , 64 bit Build 18362 (10.0.18362.329)

CPU:total 4 (initial active 4) (2 cores per cpu, 2 threads per core) family 6 model 69 stepping 1, cmov, cx8, fxsr, mmx, sse, sse2, sse3, ssse3, sse4.1, sse4.2, popcnt, avx, avx2, aes, clmul, erms, lzcnt, ht, tsc, tscinvbit, bmi1, bmi2

Memory: 4k page, physical 8278296k(916676k free), swap 14462420k(120k free)

vm_info: Java HotSpot(TM) 64-Bit Server VM (25.131-b11) for windows-amd64 JRE (1.8.0_131-b11), built on Mar 15 2017 01:23:53 by "java_re" with MS VC++ 10.0 (VS2010)

time: Wed Dec 25 17:42:29 2019
elapsed time: 35 seconds (0d 0h 0m 35s)

